Removed Pin From Net: NetName=GND Pin=b1-N
Removed Pin From Net: NetName=VBAT Pin=b1-P1
Removed Pin From Net: NetName=VBAT Pin=b1-P2
Removed Member From Class: ClassName=Neon-Demon-Earing-revB Member=b1
Added Component: Designator=BT?(BAT_2987)
Add component (AddParameter): Name = "Availability"; Value = "Unavailable"; VariantName = "[No Variations]"
Add component (AddParameter): Name = "MF"; Value = ""; VariantName = "[No Variations]"
Add component (AddParameter): Name = "MP"; Value = "2987"; VariantName = "[No Variations]"
Add component (AddParameter): Name = "Package"; Value = "None"; VariantName = "[No Variations]"
Add component (AddParameter): Name = "Price"; Value = "None"; VariantName = "[No Variations]"
Add component (AddParameter): Name = "Value"; Value = ""; VariantName = "[No Variations]"
Added Component: Designator=IC?(SOT95P280X130-5N)
Add component (AddParameter): Name = "Arrow Part Number"; Value = ""; VariantName = "[No Variations]"
Add component (AddParameter): Name = "Arrow Price/Stock"; Value = ""; VariantName = "[No Variations]"
Add component (AddParameter): Name = "Datasheet Link"; Value = "https://www.torexsemi.com/file/xc9141/XC9141-XC9142.pdf"; VariantName = "[No Variations]"
Add component (AddParameter): Name = "Height"; Value = "1.3mm"; VariantName = "[No Variations]"
Add component (AddParameter): Name = "Manufacturer_Name"; Value = "Torex"; VariantName = "[No Variations]"
Add component (AddParameter): Name = "Manufacturer_Part_Number"; Value = "XC9142B33CMR-G"; VariantName = "[No Variations]"
Add component (AddParameter): Name = "Mouser Part Number"; Value = "865-XC9142B33CMR-G"; VariantName = "[No Variations]"
Add component (AddParameter): Name = "Mouser Price/Stock"; Value = "https://www.mouser.co.uk/ProductDetail/Torex-Semiconductor/XC9142B33CMR-G?qs=Utayhsw5T9rV9GjeoTLS6A%3D%3D"; VariantName = "[No Variations]"
Added Pin To Net: NetName=GND Pin=BT?-N
Added Pin To Net: NetName=VBAT Pin=BT?-P1
Added Pin To Net: NetName=VBAT Pin=BT?-P2
Added Member To Class: ClassName=Neon-Demon-Earing-revB Member=Component BT? 2987
Added Member To Class: ClassName=Neon-Demon-Earing-revB Member=Component IC? XC9142B33CMR-G
