Removed Pin From Net: NetName=LED_A Pin=C1-2
Removed Pin From Net: NetName=LED_A Pin=IC1-8
Removed Pin From Net: NetName=GND Pin=JP1-1
Removed Pin From Net: NetName=LED_K Pin=JP1-2
Removed Pin From Net: NetName=LED_A Pin=S1-1
Removed Pin From Net: NetName=VBAT_RAW Pin=S1-2
Removed Pin From Net: NetName=LED_A Pin=S1-4
Removed Pin From Net: NetName=VBAT_RAW Pin=S1-5
Removed Member From Class: ClassName=Neon-Demon-revA Member=JP1
Removed Member From Class: ClassName=Neon-Demon-revA Member=S1
Added Component: Designator=JP?(SMT-JUMPER_2_NO_SILK)
Add component (AddParameter): Name = "DeviceName"; Value = "_SILK"; VariantName = "[No Variations]"
Add component (AddParameter): Name = "DeviceSetName"; Value = "JUMPER-SMT_2_NO"; VariantName = "[No Variations]"
Add component (AddParameter): Name = "GateName_1"; Value = "G$1"; VariantName = "[No Variations]"
Add component (AddParameter): Name = "LibraryName"; Value = "SparkFun-Jumpers"; VariantName = "[No Variations]"
Add component (AddParameter): Name = "Package"; Value = "SMT-JUMPER_2_NO_SILK"; VariantName = "[No Variations]"
Add component (AddParameter): Name = "SymbolName_1"; Value = "SMT-JUMPER_2_NO"; VariantName = "[No Variations]"
Added Pin To Net: NetName=GND Pin=JP?-1
Added Pin To Net: NetName=LED_K Pin=JP?-2
Added Pin To Net: NetName=VBAT_RAW Pin=S?-2
Added Pin To Net: NetName=LED_A Pin=S?-3
Added Pin To Net: NetName=VBAT_CIRCUIT Pin=C1-2
Added Pin To Net: NetName=VBAT_CIRCUIT Pin=IC1-8
Added Net: Name=VBAT_CIRCUIT
Added Member To Class: ClassName=Neon-Demon-revA Member=Component JP? Normally open jumper    This jumper has two pads in close proximity to each other. Apply solder to close the connection.   Round pads are easier to solder for beginners, but are a lot larger.   SparkFun Product that uses the round pads:  SparkFun EL Sequencer
